<?xml version="1.0" encoding="UTF-8"?>
<!-- Generated by org.testng.reporters.JUnitXMLReporter -->
<testsuite hostname="DESKTOP-G2S5BGV" ignored="0" name="Test" tests="6" failures="0" timestamp="26 Mar 2019 18:02:02 GMT" time="8.425" errors="0">
  <testcase name="setup" time="0.356" classname="com.qa.ecommerce.ProductsPageTest"/>
  <testcase name="login" time="0.702" classname="com.qa.ecommerce.LoginPageTest"/>
  <testcase name="loginpagetitletest" time="0.023" classname="com.qa.ecommerce.LoginPageTest"/>
  <testcase name="logotest" time="0.046" classname="com.qa.ecommerce.LoginPageTest"/>
  <testcase name="testlogin" time="0.034" classname="com.qa.ecommerce.LoginPageTest"/>
  <testcase name="clickonBrands" time="1.958" classname="com.qa.ecommerce.BrandsPageTest"/>
</testsuite> <!-- Test -->
