<?xml version="1.0" encoding="UTF-8"?>
<!-- Generated by org.testng.reporters.JUnitXMLReporter -->
<testsuite hostname="DESKTOP-G2S5BGV" ignored="0" name="Test" tests="6" failures="0" timestamp="26 Mar 2019 18:00:33 GMT" time="10.123" errors="0">
  <testcase name="setup" time="0.581" classname="com.qa.ecommerce.ProductsPageTest"/>
  <testcase name="login" time="1.039" classname="com.qa.ecommerce.LoginPageTest"/>
  <testcase name="loginpagetitletest" time="0.014" classname="com.qa.ecommerce.LoginPageTest"/>
  <testcase name="logotest" time="0.034" classname="com.qa.ecommerce.LoginPageTest"/>
  <testcase name="testlogin" time="0.032" classname="com.qa.ecommerce.LoginPageTest"/>
  <testcase name="clickonBrands" time="2.225" classname="com.qa.ecommerce.BrandsPageTest"/>
</testsuite> <!-- Test -->
