<?xml version="1.0" encoding="UTF-8"?>
<testng-results skipped="0" failed="0" ignored="0" total="6" passed="6">
  <reporter-output>
  </reporter-output>
  <suite name="Suite" duration-ms="10123" started-at="2019-03-26T18:00:23Z" finished-at="2019-03-26T18:00:33Z">
    <groups>
    </groups>
    <test name="Test" duration-ms="10123" started-at="2019-03-26T18:00:23Z" finished-at="2019-03-26T18:00:33Z">
      <class name="com.qa.ecommerce.BrandsPageTest">
        <test-method status="PASS" signature="clickonBrands()[pri:0, instance:com.qa.ecommerce.BrandsPageTest@5d624da6]" name="clickonBrands" duration-ms="2225" started-at="2019-03-26T18:00:30Z" finished-at="2019-03-26T18:00:33Z">
          <reporter-output>
          </reporter-output>
        </test-method> <!-- clickonBrands -->
        <test-method status="PASS" signature="teardown()[pri:0, instance:com.qa.ecommerce.BrandsPageTest@5d624da6]" name="teardown" is-config="true" duration-ms="760" started-at="2019-03-26T18:00:33Z" finished-at="2019-03-26T18:00:33Z">
          <reporter-output>
          </reporter-output>
        </test-method> <!-- teardown -->
      </class> <!-- com.qa.ecommerce.BrandsPageTest -->
      <class name="com.qa.ecommerce.ProductsPageTest">
        <test-method status="PASS" signature="setup()[pri:0, instance:com.qa.ecommerce.ProductsPageTest@2ef9b8bc]" name="setup" duration-ms="581" started-at="2019-03-26T18:00:29Z" finished-at="2019-03-26T18:00:29Z">
          <reporter-output>
          </reporter-output>
        </test-method> <!-- setup -->
      </class> <!-- com.qa.ecommerce.ProductsPageTest -->
      <class name="com.qa.ecommerce.LoginPageTest">
        <test-method status="PASS" signature="setup()[pri:0, instance:com.qa.ecommerce.LoginPageTest@5315b42e]" name="setup" is-config="true" duration-ms="5405" started-at="2019-03-26T18:00:23Z" finished-at="2019-03-26T18:00:29Z">
          <reporter-output>
          </reporter-output>
        </test-method> <!-- setup -->
        <test-method status="PASS" signature="login()[pri:0, instance:com.qa.ecommerce.LoginPageTest@5315b42e]" name="login" duration-ms="1039" started-at="2019-03-26T18:00:29Z" finished-at="2019-03-26T18:00:30Z">
          <reporter-output>
          </reporter-output>
        </test-method> <!-- login -->
        <test-method status="PASS" signature="loginpagetitletest()[pri:0, instance:com.qa.ecommerce.LoginPageTest@5315b42e]" name="loginpagetitletest" duration-ms="14" started-at="2019-03-26T18:00:30Z" finished-at="2019-03-26T18:00:30Z">
          <reporter-output>
          </reporter-output>
        </test-method> <!-- loginpagetitletest -->
        <test-method status="PASS" signature="logotest()[pri:0, instance:com.qa.ecommerce.LoginPageTest@5315b42e]" name="logotest" duration-ms="34" started-at="2019-03-26T18:00:30Z" finished-at="2019-03-26T18:00:30Z">
          <reporter-output>
          </reporter-output>
        </test-method> <!-- logotest -->
        <test-method status="PASS" signature="testlogin()[pri:0, instance:com.qa.ecommerce.LoginPageTest@5315b42e]" name="testlogin" duration-ms="32" started-at="2019-03-26T18:00:30Z" finished-at="2019-03-26T18:00:30Z">
          <reporter-output>
          </reporter-output>
        </test-method> <!-- testlogin -->
      </class> <!-- com.qa.ecommerce.LoginPageTest -->
    </test> <!-- Test -->
  </suite> <!-- Suite -->
</testng-results>
